[2021-05-17 11:24:53,100] SEVERE {b7a.log.crash} - null 
java.lang.NullPointerException
	at org.wso2.ballerinalang.compiler.util.ImmutableTypeCloner.getPackageAlias(ImmutableTypeCloner.java:539)
	at org.wso2.ballerinalang.compiler.util.ImmutableTypeCloner.populateImmutableStructureFields(ImmutableTypeCloner.java:529)
	at org.wso2.ballerinalang.compiler.util.ImmutableTypeCloner.populateImmutableStructureFields(ImmutableTypeCloner.java:487)
	at org.wso2.ballerinalang.compiler.util.ImmutableTypeCloner.defineImmutableRecordType(ImmutableTypeCloner.java:606)
	at org.wso2.ballerinalang.compiler.util.ImmutableTypeCloner.setImmutableType(ImmutableTypeCloner.java:310)
	at org.wso2.ballerinalang.compiler.util.ImmutableTypeCloner.getImmutableIntersectionType(ImmutableTypeCloner.java:196)
	at org.wso2.ballerinalang.compiler.util.ImmutableTypeCloner.getImmutableIntersectionType(ImmutableTypeCloner.java:116)
	at org.wso2.ballerinalang.compiler.semantics.analyzer.SymbolResolver.computeIntersectionType(SymbolResolver.java:1897)
	at org.wso2.ballerinalang.compiler.semantics.analyzer.SymbolResolver.visit(SymbolResolver.java:1096)
	at org.wso2.ballerinalang.compiler.tree.types.BLangIntersectionTypeNode.accept(BLangIntersectionTypeNode.java:48)
	at org.wso2.ballerinalang.compiler.semantics.analyzer.SymbolResolver.resolveTypeNode(SymbolResolver.java:466)
	at org.wso2.ballerinalang.compiler.semantics.analyzer.SymbolResolver.resolveTypeNode(SymbolResolver.java:457)
	at org.wso2.ballerinalang.compiler.semantics.analyzer.SymbolEnter.visit(SymbolEnter.java:1872)
	at org.wso2.ballerinalang.compiler.tree.BLangSimpleVariable.accept(BLangSimpleVariable.java:53)
	at org.wso2.ballerinalang.compiler.semantics.analyzer.SymbolEnter.defineNode(SymbolEnter.java:267)
	at org.wso2.ballerinalang.compiler.semantics.analyzer.SymbolEnter.lambda$defineConstructs$8(SymbolEnter.java:417)
	at java.base/java.util.ArrayList.forEach(ArrayList.java:1540)
	at org.wso2.ballerinalang.compiler.semantics.analyzer.SymbolEnter.defineConstructs(SymbolEnter.java:417)
	at org.wso2.ballerinalang.compiler.semantics.analyzer.SymbolEnter.visit(SymbolEnter.java:305)
	at org.wso2.ballerinalang.compiler.tree.BLangPackage.accept(BLangPackage.java:165)
	at org.wso2.ballerinalang.compiler.semantics.analyzer.SymbolEnter.defineNode(SymbolEnter.java:267)
	at org.wso2.ballerinalang.compiler.semantics.analyzer.SymbolEnter.definePackage(SymbolEnter.java:260)
	at io.ballerina.projects.ModuleContext.compileInternal(ModuleContext.java:369)
	at io.ballerina.projects.ModuleCompilationState$1.compile(ModuleCompilationState.java:45)
	at io.ballerina.projects.ModuleContext.compile(ModuleContext.java:323)
	at io.ballerina.projects.PackageCompilation.compileModulesInternal(PackageCompilation.java:176)
	at io.ballerina.projects.PackageCompilation.compileModules(PackageCompilation.java:168)
	at io.ballerina.projects.PackageCompilation.from(PackageCompilation.java:97)
	at io.ballerina.projects.PackageContext.getPackageCompilation(PackageContext.java:206)
	at io.ballerina.projects.Package.getCompilation(Package.java:130)
	at io.ballerina.cli.task.CompileTask.execute(CompileTask.java:68)
	at io.ballerina.cli.TaskExecutor.executeTasks(TaskExecutor.java:40)
	at io.ballerina.cli.cmd.BuildCommand.execute(BuildCommand.java:251)
	at java.base/java.util.Optional.ifPresent(Optional.java:183)
	at io.ballerina.cli.launcher.Main.main(Main.java:58)
 
